<?xml version="1.0" encoding="UTF-8"?>
<robot generator="Robot 5.0.1 (Python 3.10.7 on win32)" generated="20220919 09:19:45.533" rpa="false" schemaversion="3">
<suite id="s1" name="e2eTest" source="C:\Users\janbo\PycharmProjects\EndToEndWithRobotF\TestCases\e2eTest.robot">
<kw name="open my browser" library="utilities" type="SETUP">
<arg>${url}</arg>
<arg>${browser}</arg>
<arg>${timeout}</arg>
<kw name="Set Selenium Timeout" library="SeleniumLibrary">
<arg>${timeout}</arg>
<doc>Sets the timeout that is used by various keywords.</doc>
<status status="PASS" starttime="20220919 09:19:47.767" endtime="20220919 09:19:47.767"/>
</kw>
<kw name="Open Browser" library="SeleniumLibrary">
<arg>${url}</arg>
<arg>${browser}</arg>
<doc>Opens a new browser instance to the optional ``url``.</doc>
<msg timestamp="20220919 09:19:47.768" level="INFO">Opening browser 'chrome' to base url 'https://rahulshettyacademy.com/angularpractice/'.</msg>
<status status="PASS" starttime="20220919 09:19:47.768" endtime="20220919 09:19:53.119"/>
</kw>
<kw name="Maximize Browser Window" library="SeleniumLibrary">
<doc>Maximizes current browser window.</doc>
<status status="PASS" starttime="20220919 09:19:53.119" endtime="20220919 09:19:53.354"/>
</kw>
<status status="PASS" starttime="20220919 09:19:47.767" endtime="20220919 09:19:53.354"/>
</kw>
<test id="s1-t1" name="Registration Page Test" line="28">
<kw name="enter my name" library="regPageKeywords">
<arg>${name}</arg>
<kw name="Input Text" library="SeleniumLibrary">
<arg>${txt_nameField}</arg>
<arg>${name}</arg>
<doc>Types the given ``text`` into the text field identified by ``locator``.</doc>
<msg timestamp="20220919 09:19:53.357" level="INFO">Typing text 'Tagaz Tager' into text field 'name: name'.</msg>
<status status="PASS" starttime="20220919 09:19:53.356" endtime="20220919 09:19:53.855"/>
</kw>
<status status="PASS" starttime="20220919 09:19:53.355" endtime="20220919 09:19:53.856"/>
</kw>
<kw name="enter my email" library="regPageKeywords">
<arg>${email}</arg>
<kw name="Input Text" library="SeleniumLibrary">
<arg>${txt_emailField}</arg>
<arg>${email}</arg>
<doc>Types the given ``text`` into the text field identified by ``locator``.</doc>
<msg timestamp="20220919 09:19:53.856" level="INFO">Typing text 'tager@tagaz.cars' into text field 'name: email'.</msg>
<status status="PASS" starttime="20220919 09:19:53.856" endtime="20220919 09:19:54.000"/>
</kw>
<status status="PASS" starttime="20220919 09:19:53.856" endtime="20220919 09:19:54.001"/>
</kw>
<kw name="enter my password" library="regPageKeywords">
<arg>${password}</arg>
<kw name="Input Text" library="SeleniumLibrary">
<arg>${txt_passwordField}</arg>
<arg>${password}</arg>
<doc>Types the given ``text`` into the text field identified by ``locator``.</doc>
<msg timestamp="20220919 09:19:54.002" level="INFO">Typing text 'same_as_korando' into text field 'id: exampleInputPassword1'.</msg>
<status status="PASS" starttime="20220919 09:19:54.002" endtime="20220919 09:19:54.126"/>
</kw>
<status status="PASS" starttime="20220919 09:19:54.001" endtime="20220919 09:19:54.126"/>
</kw>
<kw name="select ice cream checkbox" library="regPageKeywords">
<kw name="Select Checkbox" library="SeleniumLibrary">
<arg>${checkbox_icecreamcheckbox}</arg>
<doc>Selects the checkbox identified by ``locator``.</doc>
<msg timestamp="20220919 09:19:54.127" level="INFO">Selecting checkbox 'id: exampleCheck1'.</msg>
<status status="PASS" starttime="20220919 09:19:54.127" endtime="20220919 09:19:54.296"/>
</kw>
<status status="PASS" starttime="20220919 09:19:54.126" endtime="20220919 09:19:54.296"/>
</kw>
<kw name="select my gender" library="regPageKeywords">
<arg>${gender}</arg>
<kw name="Select From List By Label" library="SeleniumLibrary">
<arg>${drpdown_genderdropdown}</arg>
<arg>${gender}</arg>
<doc>Selects options from selection list ``locator`` by ``labels``.</doc>
<msg timestamp="20220919 09:19:54.298" level="INFO">Selecting options from selection list 'id: exampleFormControlSelect1' by label Male.</msg>
<status status="PASS" starttime="20220919 09:19:54.298" endtime="20220919 09:19:54.361"/>
</kw>
<status status="PASS" starttime="20220919 09:19:54.297" endtime="20220919 09:19:54.362"/>
</kw>
<kw name="enter my bday" library="regPageKeywords">
<arg>${bday}</arg>
<kw name="Input Text" library="SeleniumLibrary">
<arg>${txt_bday}</arg>
<arg>${bday}</arg>
<doc>Types the given ``text`` into the text field identified by ``locator``.</doc>
<msg timestamp="20220919 09:19:54.364" level="INFO">Typing text '01012008' into text field 'name: bday'.</msg>
<status status="PASS" starttime="20220919 09:19:54.363" endtime="20220919 09:19:54.493"/>
</kw>
<status status="PASS" starttime="20220919 09:19:54.362" endtime="20220919 09:19:54.493"/>
</kw>
<kw name="hit the submit button" library="regPageKeywords">
<kw name="Click Element" library="SeleniumLibrary">
<arg>${btn_submitbutton}</arg>
<doc>Click the element identified by ``locator``.</doc>
<msg timestamp="20220919 09:19:54.497" level="INFO">Clicking element 'xpath: //input[@class = "btn btn-success"]'.</msg>
<status status="PASS" starttime="20220919 09:19:54.495" endtime="20220919 09:19:54.566"/>
</kw>
<status status="PASS" starttime="20220919 09:19:54.494" endtime="20220919 09:19:54.567"/>
</kw>
<kw name="check if success mesage present" library="regPageKeywords">
<kw name="Page Should Contain" library="SeleniumLibrary">
<arg>Success!</arg>
<doc>Verifies that current page contains ``text``.</doc>
<msg timestamp="20220919 09:19:54.597" level="INFO">Current page contains text 'Success!'.</msg>
<status status="PASS" starttime="20220919 09:19:54.568" endtime="20220919 09:19:54.597"/>
</kw>
<status status="PASS" starttime="20220919 09:19:54.567" endtime="20220919 09:19:54.598"/>
</kw>
<kw name="Click Element" library="SeleniumLibrary">
<arg>${btn_shopButton}</arg>
<doc>Click the element identified by ``locator``.</doc>
<msg timestamp="20220919 09:19:54.599" level="INFO">Clicking element 'xpath: //a[@href='/angularpractice/shop']'.</msg>
<status status="PASS" starttime="20220919 09:19:54.598" endtime="20220919 09:19:55.960"/>
</kw>
<status status="PASS" starttime="20220919 09:19:53.354" endtime="20220919 09:19:55.960"/>
</test>
<test id="s1-t2" name="Shop Page Test" line="40">
<kw name="Element Should Be Visible" library="SeleniumLibrary">
<arg>${shop_page_shop_name}</arg>
<doc>Verifies that the element identified by ``locator`` is visible.</doc>
<msg timestamp="20220919 09:19:56.011" level="INFO">Element 'xpath: //h1[text()='Shop Name']' is displayed.</msg>
<status status="PASS" starttime="20220919 09:19:55.962" endtime="20220919 09:19:56.011"/>
</kw>
<kw name="find products from shopping list" library="shopPageKeywords">
<arg>@{shopping_list}</arg>
<for flavor="IN">
<var>${item}</var>
<value>@{list}</value>
<iter>
<var name="${item}">iphone X</var>
<kw name="find item cart button" library="shopPageKeywords">
<arg>${item}</arg>
<kw name="Click Element" library="SeleniumLibrary">
<arg>xpath: //a[text()='${product_name}']/parent::h4/parent::div/parent::div/div[@class='card-footer']/button</arg>
<doc>Click the element identified by ``locator``.</doc>
<msg timestamp="20220919 09:19:56.016" level="INFO">Clicking element 'xpath: //a[text()='iphone X']/parent::h4/parent::div/parent::div/div[@class='card-footer']/button'.</msg>
<status status="PASS" starttime="20220919 09:19:56.014" endtime="20220919 09:19:56.094"/>
</kw>
<status status="PASS" starttime="20220919 09:19:56.012" endtime="20220919 09:19:56.094"/>
</kw>
<status status="PASS" starttime="20220919 09:19:56.012" endtime="20220919 09:19:56.094"/>
</iter>
<iter>
<var name="${item}">Blackberry</var>
<kw name="find item cart button" library="shopPageKeywords">
<arg>${item}</arg>
<kw name="Click Element" library="SeleniumLibrary">
<arg>xpath: //a[text()='${product_name}']/parent::h4/parent::div/parent::div/div[@class='card-footer']/button</arg>
<doc>Click the element identified by ``locator``.</doc>
<msg timestamp="20220919 09:19:56.097" level="INFO">Clicking element 'xpath: //a[text()='Blackberry']/parent::h4/parent::div/parent::div/div[@class='card-footer']/button'.</msg>
<status status="PASS" starttime="20220919 09:19:56.096" endtime="20220919 09:19:56.178"/>
</kw>
<status status="PASS" starttime="20220919 09:19:56.095" endtime="20220919 09:19:56.178"/>
</kw>
<status status="PASS" starttime="20220919 09:19:56.094" endtime="20220919 09:19:56.178"/>
</iter>
<status status="PASS" starttime="20220919 09:19:56.011" endtime="20220919 09:19:56.179"/>
</for>
<status status="PASS" starttime="20220919 09:19:56.011" endtime="20220919 09:19:56.179"/>
</kw>
<kw name="Element Should Contain" library="SeleniumLibrary">
<arg>${checkout_button}</arg>
<arg>2</arg>
<doc>Verifies that element ``locator`` contains text ``expected``.</doc>
<msg timestamp="20220919 09:19:56.225" level="INFO">Element 'xpath: //a[@class = 'nav-link btn btn-primary']' contains text '2'.</msg>
<status status="PASS" starttime="20220919 09:19:56.179" endtime="20220919 09:19:56.225"/>
</kw>
<kw name="Click Element" library="SeleniumLibrary">
<arg>${checkout_button}</arg>
<doc>Click the element identified by ``locator``.</doc>
<msg timestamp="20220919 09:19:56.226" level="INFO">Clicking element 'xpath: //a[@class = 'nav-link btn btn-primary']'.</msg>
<status status="PASS" starttime="20220919 09:19:56.225" endtime="20220919 09:19:56.313"/>
</kw>
<status status="PASS" starttime="20220919 09:19:55.962" endtime="20220919 09:19:56.313"/>
</test>
<test id="s1-t3" name="Checkout Page Test" line="47">
<kw name="Element Should Be Visible" library="SeleniumLibrary">
<arg>${table_head}</arg>
<doc>Verifies that the element identified by ``locator`` is visible.</doc>
<msg timestamp="20220919 09:19:56.357" level="INFO">Element 'xpath: //table[@class='table table-hover']' is displayed.</msg>
<status status="PASS" starttime="20220919 09:19:56.316" endtime="20220919 09:19:56.357"/>
</kw>
<kw name="table should be big enough" library="checkoutPageKeywords">
<kw name="Get Element Count" library="SeleniumLibrary">
<var>${ROWS}</var>
<arg>xpath: //table[@class='table table-hover']/tbody/tr</arg>
<doc>Returns the number of elements matching ``locator``.</doc>
<msg timestamp="20220919 09:19:56.376" level="INFO">${ROWS} = 4</msg>
<status status="PASS" starttime="20220919 09:19:56.358" endtime="20220919 09:19:56.376"/>
</kw>
<kw name="Set Global Variable" library="BuiltIn">
<arg>${ROWS}</arg>
<doc>Makes a variable available globally in all tests and suites.</doc>
<msg timestamp="20220919 09:19:56.377" level="INFO">${ROWS} = 4</msg>
<status status="PASS" starttime="20220919 09:19:56.376" endtime="20220919 09:19:56.377"/>
</kw>
<kw name="Get Length" library="BuiltIn">
<var>${expected_length}</var>
<arg>${shopping_list}</arg>
<doc>Returns and logs the length of the given item as an integer.</doc>
<msg timestamp="20220919 09:19:56.377" level="INFO">Length is 2</msg>
<msg timestamp="20220919 09:19:56.377" level="INFO">${expected_length} = 2</msg>
<status status="PASS" starttime="20220919 09:19:56.377" endtime="20220919 09:19:56.377"/>
</kw>
<kw name="Should Be Equal As Numbers" library="BuiltIn">
<arg>${ROWS-2}</arg>
<arg>${expected_length}</arg>
<doc>Fails if objects are unequal after converting them to real numbers.</doc>
<status status="PASS" starttime="20220919 09:19:56.378" endtime="20220919 09:19:56.380"/>
</kw>
<status status="PASS" starttime="20220919 09:19:56.357" endtime="20220919 09:19:56.381"/>
</kw>
<kw name="prices should add up" library="checkoutPageKeywords">
<for flavor="IN RANGE">
<var>${tr_index}</var>
<value>1</value>
<value>${ROWS-1}</value>
<iter>
<var name="${tr_index}">1</var>
<kw name="Get Element Attribute" library="SeleniumLibrary">
<var>${quantity}</var>
<arg>xpath: //tbody/tr[${tr_index}]/td[2]/input[@id='exampleInputEmail1']</arg>
<arg>value</arg>
<doc>Returns the value of ``attribute`` from the element ``locator``.</doc>
<msg timestamp="20220919 09:19:56.427" level="INFO">${quantity} = 1</msg>
<status status="PASS" starttime="20220919 09:19:56.387" endtime="20220919 09:19:56.427"/>
</kw>
<kw name="Get Text" library="SeleniumLibrary">
<var>${price}</var>
<arg>xpath: //tbody/tr[${tr_index}]/td[3]/strong</arg>
<doc>Returns the text value of the element identified by ``locator``.</doc>
<msg timestamp="20220919 09:19:56.473" level="INFO">${price} = ₹. 100000</msg>
<status status="PASS" starttime="20220919 09:19:56.427" endtime="20220919 09:19:56.474"/>
</kw>
<kw name="Split String" library="String">
<var>${price}</var>
<arg>${price}</arg>
<doc>Splits the ``string`` using ``separator`` as a delimiter string.</doc>
<msg timestamp="20220919 09:19:56.476" level="INFO">${price} = ['₹.', '100000']</msg>
<status status="PASS" starttime="20220919 09:19:56.474" endtime="20220919 09:19:56.476"/>
</kw>
<kw name="Set Variable" library="BuiltIn">
<var>${price}</var>
<arg>${price}[1]</arg>
<doc>Returns the given values which can then be assigned to a variables.</doc>
<msg timestamp="20220919 09:19:56.477" level="INFO">${price} = 100000</msg>
<status status="PASS" starttime="20220919 09:19:56.476" endtime="20220919 09:19:56.477"/>
</kw>
<kw name="Get Text" library="SeleniumLibrary">
<var>${total}</var>
<arg>xpath: //tbody/tr[${tr_index}]/td[4]/strong</arg>
<doc>Returns the text value of the element identified by ``locator``.</doc>
<msg timestamp="20220919 09:19:56.520" level="INFO">${total} = ₹. 100000</msg>
<status status="PASS" starttime="20220919 09:19:56.477" endtime="20220919 09:19:56.520"/>
</kw>
<kw name="Split String" library="String">
<var>${total}</var>
<arg>${total}</arg>
<doc>Splits the ``string`` using ``separator`` as a delimiter string.</doc>
<msg timestamp="20220919 09:19:56.521" level="INFO">${total} = ['₹.', '100000']</msg>
<status status="PASS" starttime="20220919 09:19:56.520" endtime="20220919 09:19:56.521"/>
</kw>
<kw name="Set Variable" library="BuiltIn">
<var>${total}</var>
<arg>${total}[1]</arg>
<doc>Returns the given values which can then be assigned to a variables.</doc>
<msg timestamp="20220919 09:19:56.522" level="INFO">${total} = 100000</msg>
<status status="PASS" starttime="20220919 09:19:56.521" endtime="20220919 09:19:56.522"/>
</kw>
<kw name="Evaluate" library="BuiltIn">
<var>${sum}</var>
<arg>${quantity} * ${price}</arg>
<doc>Evaluates the given expression in Python and returns the result.</doc>
<msg timestamp="20220919 09:19:56.523" level="INFO">${sum} = 100000</msg>
<status status="PASS" starttime="20220919 09:19:56.522" endtime="20220919 09:19:56.523"/>
</kw>
<kw name="Should Be Equal As Numbers" library="BuiltIn">
<arg>${sum}</arg>
<arg>${total}</arg>
<doc>Fails if objects are unequal after converting them to real numbers.</doc>
<msg timestamp="20220919 09:19:56.524" level="INFO">Argument types are:
&lt;class 'int'&gt;
&lt;class 'str'&gt;</msg>
<status status="PASS" starttime="20220919 09:19:56.523" endtime="20220919 09:19:56.524"/>
</kw>
<status status="PASS" starttime="20220919 09:19:56.387" endtime="20220919 09:19:56.524"/>
</iter>
<iter>
<var name="${tr_index}">2</var>
<kw name="Get Element Attribute" library="SeleniumLibrary">
<var>${quantity}</var>
<arg>xpath: //tbody/tr[${tr_index}]/td[2]/input[@id='exampleInputEmail1']</arg>
<arg>value</arg>
<doc>Returns the value of ``attribute`` from the element ``locator``.</doc>
<msg timestamp="20220919 09:19:56.555" level="INFO">${quantity} = 1</msg>
<status status="PASS" starttime="20220919 09:19:56.525" endtime="20220919 09:19:56.555"/>
</kw>
<kw name="Get Text" library="SeleniumLibrary">
<var>${price}</var>
<arg>xpath: //tbody/tr[${tr_index}]/td[3]/strong</arg>
<doc>Returns the text value of the element identified by ``locator``.</doc>
<msg timestamp="20220919 09:19:56.593" level="INFO">${price} = ₹. 50000</msg>
<status status="PASS" starttime="20220919 09:19:56.555" endtime="20220919 09:19:56.593"/>
</kw>
<kw name="Split String" library="String">
<var>${price}</var>
<arg>${price}</arg>
<doc>Splits the ``string`` using ``separator`` as a delimiter string.</doc>
<msg timestamp="20220919 09:19:56.593" level="INFO">${price} = ['₹.', '50000']</msg>
<status status="PASS" starttime="20220919 09:19:56.593" endtime="20220919 09:19:56.594"/>
</kw>
<kw name="Set Variable" library="BuiltIn">
<var>${price}</var>
<arg>${price}[1]</arg>
<doc>Returns the given values which can then be assigned to a variables.</doc>
<msg timestamp="20220919 09:19:56.594" level="INFO">${price} = 50000</msg>
<status status="PASS" starttime="20220919 09:19:56.594" endtime="20220919 09:19:56.594"/>
</kw>
<kw name="Get Text" library="SeleniumLibrary">
<var>${total}</var>
<arg>xpath: //tbody/tr[${tr_index}]/td[4]/strong</arg>
<doc>Returns the text value of the element identified by ``locator``.</doc>
<msg timestamp="20220919 09:19:56.651" level="INFO">${total} = ₹. 50000</msg>
<status status="PASS" starttime="20220919 09:19:56.594" endtime="20220919 09:19:56.651"/>
</kw>
<kw name="Split String" library="String">
<var>${total}</var>
<arg>${total}</arg>
<doc>Splits the ``string`` using ``separator`` as a delimiter string.</doc>
<msg timestamp="20220919 09:19:56.652" level="INFO">${total} = ['₹.', '50000']</msg>
<status status="PASS" starttime="20220919 09:19:56.652" endtime="20220919 09:19:56.652"/>
</kw>
<kw name="Set Variable" library="BuiltIn">
<var>${total}</var>
<arg>${total}[1]</arg>
<doc>Returns the given values which can then be assigned to a variables.</doc>
<msg timestamp="20220919 09:19:56.653" level="INFO">${total} = 50000</msg>
<status status="PASS" starttime="20220919 09:19:56.652" endtime="20220919 09:19:56.653"/>
</kw>
<kw name="Evaluate" library="BuiltIn">
<var>${sum}</var>
<arg>${quantity} * ${price}</arg>
<doc>Evaluates the given expression in Python and returns the result.</doc>
<msg timestamp="20220919 09:19:56.654" level="INFO">${sum} = 50000</msg>
<status status="PASS" starttime="20220919 09:19:56.653" endtime="20220919 09:19:56.654"/>
</kw>
<kw name="Should Be Equal As Numbers" library="BuiltIn">
<arg>${sum}</arg>
<arg>${total}</arg>
<doc>Fails if objects are unequal after converting them to real numbers.</doc>
<msg timestamp="20220919 09:19:56.654" level="INFO">Argument types are:
&lt;class 'int'&gt;
&lt;class 'str'&gt;</msg>
<status status="PASS" starttime="20220919 09:19:56.654" endtime="20220919 09:19:56.655"/>
</kw>
<status status="PASS" starttime="20220919 09:19:56.524" endtime="20220919 09:19:56.655"/>
</iter>
<status status="PASS" starttime="20220919 09:19:56.384" endtime="20220919 09:19:56.655"/>
</for>
<status status="PASS" starttime="20220919 09:19:56.382" endtime="20220919 09:19:56.655"/>
</kw>
<kw name="grand total should add up" library="checkoutPageKeywords">
<kw name="Set Variable" library="BuiltIn">
<var>${sum}</var>
<arg>0</arg>
<doc>Returns the given values which can then be assigned to a variables.</doc>
<msg timestamp="20220919 09:19:56.657" level="INFO">${sum} = 0</msg>
<status status="PASS" starttime="20220919 09:19:56.656" endtime="20220919 09:19:56.657"/>
</kw>
<kw name="Get Text" library="SeleniumLibrary">
<var>${grand_total}</var>
<arg>xpath: //tbody/tr[3]/td[5]/h3/strong</arg>
<doc>Returns the text value of the element identified by ``locator``.</doc>
<msg timestamp="20220919 09:19:56.700" level="INFO">${grand_total} = ₹. 150000</msg>
<status status="PASS" starttime="20220919 09:19:56.657" endtime="20220919 09:19:56.701"/>
</kw>
<kw name="Split String" library="String">
<var>${grand_total}</var>
<arg>${grand_total}</arg>
<doc>Splits the ``string`` using ``separator`` as a delimiter string.</doc>
<msg timestamp="20220919 09:19:56.703" level="INFO">${grand_total} = ['₹.', '150000']</msg>
<status status="PASS" starttime="20220919 09:19:56.702" endtime="20220919 09:19:56.703"/>
</kw>
<kw name="Set Variable" library="BuiltIn">
<var>${grand_total}</var>
<arg>${grand_total}[1]</arg>
<doc>Returns the given values which can then be assigned to a variables.</doc>
<msg timestamp="20220919 09:19:56.704" level="INFO">${grand_total} = 150000</msg>
<status status="PASS" starttime="20220919 09:19:56.703" endtime="20220919 09:19:56.704"/>
</kw>
<for flavor="IN RANGE">
<var>${tr_index}</var>
<value>1</value>
<value>${ROWS-1}</value>
<iter>
<var name="${tr_index}">1</var>
<kw name="Get Text" library="SeleniumLibrary">
<var>${total}</var>
<arg>xpath: //tbody/tr[${tr_index}]/td[4]/strong</arg>
<doc>Returns the text value of the element identified by ``locator``.</doc>
<msg timestamp="20220919 09:19:56.721" level="INFO">${total} = ₹. 100000</msg>
<status status="PASS" starttime="20220919 09:19:56.705" endtime="20220919 09:19:56.721"/>
</kw>
<kw name="Split String" library="String">
<var>${total}</var>
<arg>${total}</arg>
<doc>Splits the ``string`` using ``separator`` as a delimiter string.</doc>
<msg timestamp="20220919 09:19:56.722" level="INFO">${total} = ['₹.', '100000']</msg>
<status status="PASS" starttime="20220919 09:19:56.721" endtime="20220919 09:19:56.722"/>
</kw>
<kw name="Set Variable" library="BuiltIn">
<var>${total}</var>
<arg>${total}[1]</arg>
<doc>Returns the given values which can then be assigned to a variables.</doc>
<msg timestamp="20220919 09:19:56.722" level="INFO">${total} = 100000</msg>
<status status="PASS" starttime="20220919 09:19:56.722" endtime="20220919 09:19:56.722"/>
</kw>
<kw name="Evaluate" library="BuiltIn">
<var>${sum}</var>
<arg>${sum} + ${total}</arg>
<doc>Evaluates the given expression in Python and returns the result.</doc>
<msg timestamp="20220919 09:19:56.723" level="INFO">${sum} = 100000</msg>
<status status="PASS" starttime="20220919 09:19:56.722" endtime="20220919 09:19:56.723"/>
</kw>
<status status="PASS" starttime="20220919 09:19:56.705" endtime="20220919 09:19:56.723"/>
</iter>
<iter>
<var name="${tr_index}">2</var>
<kw name="Get Text" library="SeleniumLibrary">
<var>${total}</var>
<arg>xpath: //tbody/tr[${tr_index}]/td[4]/strong</arg>
<doc>Returns the text value of the element identified by ``locator``.</doc>
<msg timestamp="20220919 09:19:56.745" level="INFO">${total} = ₹. 50000</msg>
<status status="PASS" starttime="20220919 09:19:56.723" endtime="20220919 09:19:56.745"/>
</kw>
<kw name="Split String" library="String">
<var>${total}</var>
<arg>${total}</arg>
<doc>Splits the ``string`` using ``separator`` as a delimiter string.</doc>
<msg timestamp="20220919 09:19:56.746" level="INFO">${total} = ['₹.', '50000']</msg>
<status status="PASS" starttime="20220919 09:19:56.745" endtime="20220919 09:19:56.746"/>
</kw>
<kw name="Set Variable" library="BuiltIn">
<var>${total}</var>
<arg>${total}[1]</arg>
<doc>Returns the given values which can then be assigned to a variables.</doc>
<msg timestamp="20220919 09:19:56.747" level="INFO">${total} = 50000</msg>
<status status="PASS" starttime="20220919 09:19:56.746" endtime="20220919 09:19:56.748"/>
</kw>
<kw name="Evaluate" library="BuiltIn">
<var>${sum}</var>
<arg>${sum} + ${total}</arg>
<doc>Evaluates the given expression in Python and returns the result.</doc>
<msg timestamp="20220919 09:19:56.751" level="INFO">${sum} = 150000</msg>
<status status="PASS" starttime="20220919 09:19:56.748" endtime="20220919 09:19:56.751"/>
</kw>
<status status="PASS" starttime="20220919 09:19:56.723" endtime="20220919 09:19:56.751"/>
</iter>
<status status="PASS" starttime="20220919 09:19:56.704" endtime="20220919 09:19:56.751"/>
</for>
<kw name="Should Be Equal As Numbers" library="BuiltIn">
<arg>${sum}</arg>
<arg>${grand_total}</arg>
<doc>Fails if objects are unequal after converting them to real numbers.</doc>
<msg timestamp="20220919 09:19:56.752" level="INFO">Argument types are:
&lt;class 'int'&gt;
&lt;class 'str'&gt;</msg>
<status status="PASS" starttime="20220919 09:19:56.751" endtime="20220919 09:19:56.752"/>
</kw>
<status status="PASS" starttime="20220919 09:19:56.655" endtime="20220919 09:19:56.752"/>
</kw>
<kw name="Click Element" library="SeleniumLibrary">
<arg>${checkout_btn}</arg>
<doc>Click the element identified by ``locator``.</doc>
<msg timestamp="20220919 09:19:56.753" level="INFO">Clicking element 'xpath: //button[@class='btn btn-success']'.</msg>
<status status="PASS" starttime="20220919 09:19:56.753" endtime="20220919 09:19:56.854"/>
</kw>
<kw name="Element Should Be Visible" library="SeleniumLibrary">
<arg>${country_dropdown}</arg>
<doc>Verifies that the element identified by ``locator`` is visible.</doc>
<msg timestamp="20220919 09:19:56.891" level="INFO">Element 'id: country' is displayed.</msg>
<status status="PASS" starttime="20220919 09:19:56.854" endtime="20220919 09:19:56.891"/>
</kw>
<status status="PASS" starttime="20220919 09:19:56.314" endtime="20220919 09:19:56.891"/>
</test>
<test id="s1-t4" name="Confirm Page Test" line="55">
<kw name="select country" library="confirmPageKeywords">
<kw name="Input Text" library="SeleniumLibrary">
<arg>${country_dropdown}</arg>
<arg>${country}[0:3]</arg>
<doc>Types the given ``text`` into the text field identified by ``locator``.</doc>
<msg timestamp="20220919 09:19:56.893" level="INFO">Typing text 'Slo' into text field 'id: country'.</msg>
<status status="PASS" starttime="20220919 09:19:56.893" endtime="20220919 09:19:57.120"/>
</kw>
<kw name="Set Variable" library="BuiltIn">
<var>${country_option}</var>
<arg>xpath: //a[text()='${country}']</arg>
<doc>Returns the given values which can then be assigned to a variables.</doc>
<msg timestamp="20220919 09:19:57.121" level="INFO">${country_option} = xpath: //a[text()='Slovakia']</msg>
<status status="PASS" starttime="20220919 09:19:57.120" endtime="20220919 09:19:57.121"/>
</kw>
<kw name="Wait Until Page Contains Element" library="SeleniumLibrary">
<arg>${country_option}</arg>
<doc>Waits until the element ``locator`` appears on the current page.</doc>
<status status="PASS" starttime="20220919 09:19:57.121" endtime="20220919 09:20:02.227"/>
</kw>
<kw name="Click Element" library="SeleniumLibrary">
<arg>${country_option}</arg>
<doc>Click the element identified by ``locator``.</doc>
<msg timestamp="20220919 09:20:02.228" level="INFO">Clicking element 'xpath: //a[text()='Slovakia']'.</msg>
<status status="PASS" starttime="20220919 09:20:02.227" endtime="20220919 09:20:02.304"/>
</kw>
<status status="PASS" starttime="20220919 09:19:56.892" endtime="20220919 09:20:02.304"/>
</kw>
<kw name="agree with terms" library="confirmPageKeywords">
<kw name="Execute Javascript" library="SeleniumLibrary">
<arg>'arguments[0].click();'</arg>
<arg>ARGUMENTS</arg>
<arg>${terms_checkbox}</arg>
<doc>Executes the given JavaScript code with possible arguments.</doc>
<msg timestamp="20220919 09:20:02.306" level="INFO">Executing JavaScript:
'arguments[0].click();'
By using argument:
'id: checkbox2'</msg>
<status status="PASS" starttime="20220919 09:20:02.305" endtime="20220919 09:20:02.311"/>
</kw>
<kw name="Sleep" library="BuiltIn">
<arg>3</arg>
<doc>Pauses the test executed for the given time.</doc>
<msg timestamp="20220919 09:20:05.324" level="INFO">Slept 3 seconds</msg>
<status status="PASS" starttime="20220919 09:20:02.312" endtime="20220919 09:20:05.325"/>
</kw>
<status status="PASS" starttime="20220919 09:20:02.304" endtime="20220919 09:20:05.326"/>
</kw>
<kw name="Click Element" library="SeleniumLibrary">
<arg>${purchase_btn}</arg>
<doc>Click the element identified by ``locator``.</doc>
<msg timestamp="20220919 09:20:05.333" level="INFO">Clicking element 'xpath: //input[@class='btn btn-success btn-lg']'.</msg>
<status status="PASS" starttime="20220919 09:20:05.327" endtime="20220919 09:20:05.450"/>
</kw>
<kw name="Page Should Contain" library="SeleniumLibrary">
<arg>success</arg>
<doc>Verifies that current page contains ``text``.</doc>
<msg timestamp="20220919 09:20:05.474" level="INFO">Current page contains text 'success'.</msg>
<status status="PASS" starttime="20220919 09:20:05.451" endtime="20220919 09:20:05.474"/>
</kw>
<status status="PASS" starttime="20220919 09:19:56.892" endtime="20220919 09:20:05.474"/>
</test>
<kw name="close my browser" library="utilities" type="TEARDOWN">
<kw name="Close All Browsers" library="SeleniumLibrary">
<doc>Closes all open browsers and resets the browser cache.</doc>
<status status="PASS" starttime="20220919 09:20:05.475" endtime="20220919 09:20:07.639"/>
</kw>
<status status="PASS" starttime="20220919 09:20:05.475" endtime="20220919 09:20:07.640"/>
</kw>
<status status="PASS" starttime="20220919 09:19:45.536" endtime="20220919 09:20:07.640"/>
</suite>
<statistics>
<total>
<stat pass="4" fail="0" skip="0">All Tests</stat>
</total>
<tag>
</tag>
<suite>
<stat pass="4" fail="0" skip="0" id="s1" name="e2eTest">e2eTest</stat>
</suite>
</statistics>
<errors>
</errors>
</robot>
